 2024-08-15 14:11:00,193 : INFO : test_e2e : getting all the phone details 
 2024-08-15 14:11:00,457 : INFO : test_e2e : iphone X 
 2024-08-15 14:11:00,485 : INFO : test_e2e : Samsung Note 8 
 2024-08-15 14:11:00,513 : INFO : test_e2e : Nokia Edge 
 2024-08-15 14:11:00,640 : INFO : test_e2e : Blackberry 
 2024-08-15 14:11:11,570 : INFO : test_e2e : Text received after purchase×
Success! Thank you! Your order will be delivered in next few weeks :-). 
 2024-08-15 14:11:17,023 : INFO : test_homePage : First Name isRahul 
 2024-08-15 14:11:18,103 : INFO : test_homePage : ×
Success! The Form has been submitted successfully!. 
 2024-08-15 14:11:23,357 : INFO : test_homePage : First Name isLak 
 2024-08-15 14:11:23,357 : INFO : test_homePage : First Name isLak 
 2024-08-15 14:11:24,659 : INFO : test_homePage : ×
Success! The Form has been submitted successfully!. 
 2024-08-15 14:11:24,659 : INFO : test_homePage : ×
Success! The Form has been submitted successfully!. 
 2024-08-15 14:29:53,142 : INFO : test_e2e : getting all the phone details 
 2024-08-15 14:29:53,194 : INFO : test_e2e : iphone X 
 2024-08-15 14:29:53,212 : INFO : test_e2e : Samsung Note 8 
 2024-08-15 14:29:53,229 : INFO : test_e2e : Nokia Edge 
 2024-08-15 14:29:53,359 : INFO : test_e2e : Blackberry 
 2024-08-15 14:30:04,532 : INFO : test_e2e : Text received after purchase×
Success! Thank you! Your order will be delivered in next few weeks :-). 
 2024-08-15 14:30:11,468 : INFO : test_homePage : First Name is Rahul 
 2024-08-15 14:30:12,345 : INFO : test_homePage : ×
Success! The Form has been submitted successfully!. 
 2024-08-15 14:30:18,983 : INFO : test_homePage : First Name is Lak 
 2024-08-15 14:30:18,983 : INFO : test_homePage : First Name is Lak 
 2024-08-15 14:30:20,629 : INFO : test_homePage : ×
Success! The Form has been submitted successfully!. 
 2024-08-15 14:30:20,629 : INFO : test_homePage : ×
Success! The Form has been submitted successfully!. 
 2024-08-15 14:38:23,855 : INFO : test_e2e : getting all the phone details 
 2024-08-15 14:38:23,952 : INFO : test_e2e : iphone X 
 2024-08-15 14:38:23,988 : INFO : test_e2e : Samsung Note 8 
 2024-08-15 14:38:24,021 : INFO : test_e2e : Nokia Edge 
 2024-08-15 14:38:24,224 : INFO : test_e2e : Blackberry 
 2024-08-15 14:38:36,309 : INFO : test_e2e : Text received after purchase×
Success! Thank you! Your order will be delivered in next few weeks :-). 
 2024-08-15 14:38:41,313 : INFO : test_homePage : First Name is Rahul 
 2024-08-15 14:38:41,985 : INFO : test_homePage : ×
Success! The Form has been submitted successfully!. 
 2024-08-15 14:38:47,252 : INFO : test_homePage : First Name is Lak 
 2024-08-15 14:38:47,252 : INFO : test_homePage : First Name is Lak 
 2024-08-15 14:38:48,023 : INFO : test_homePage : ×
Success! The Form has been submitted successfully!. 
 2024-08-15 14:38:48,023 : INFO : test_homePage : ×
Success! The Form has been submitted successfully!. 
 2024-08-17 19:54:57,748 : INFO : test_e2e : getting all the phone details 
 2024-08-17 19:54:57,820 : INFO : test_e2e : iphone X 
 2024-08-17 19:54:57,835 : INFO : test_e2e : Samsung Note 8 
 2024-08-17 19:54:57,853 : INFO : test_e2e : Nokia Edge 
 2024-08-17 19:54:57,936 : INFO : test_e2e : Blackberry 
 2024-08-17 19:55:08,879 : INFO : test_e2e : Text received after purchase×
Success! Thank you! Your order will be delivered in next few weeks :-). 
 2024-08-17 19:55:14,645 : INFO : test_homePage : First Name is Rahul 
 2024-08-17 19:55:15,572 : INFO : test_homePage : ×
Success! The Form has been submitted successfully!. 
 2024-08-17 19:55:20,718 : INFO : test_homePage : First Name is Lak 
 2024-08-17 19:55:20,718 : INFO : test_homePage : First Name is Lak 
 2024-08-17 19:55:21,957 : INFO : test_homePage : ×
Success! The Form has been submitted successfully!. 
 2024-08-17 19:55:21,957 : INFO : test_homePage : ×
Success! The Form has been submitted successfully!. 
 2024-08-17 20:13:48,292 : INFO : test_e2e : getting all the phone details 
 2024-08-17 20:13:48,356 : INFO : test_e2e : iphone X 
 2024-08-17 20:13:48,371 : INFO : test_e2e : Samsung Note 8 
 2024-08-17 20:13:48,386 : INFO : test_e2e : Nokia Edge 
 2024-08-17 20:13:48,646 : INFO : test_e2e : Blackberry 
 2024-08-17 20:14:00,026 : INFO : test_e2e : Text received after purchase×
Success! Thank you! Your order will be delivered in next few weeks :-). 
 2024-08-17 20:14:09,824 : INFO : test_homePage : First Name is Rahul 
 2024-08-17 20:14:10,978 : INFO : test_homePage : ×
Success! The Form has been submitted successfully!. 
 2024-08-17 20:14:17,446 : INFO : test_homePage : First Name is Lak 
 2024-08-17 20:14:17,446 : INFO : test_homePage : First Name is Lak 
 2024-08-17 20:14:18,282 : INFO : test_homePage : ×
Success! The Form has been submitted successfully!. 
 2024-08-17 20:14:18,282 : INFO : test_homePage : ×
Success! The Form has been submitted successfully!. 
 2024-08-17 20:26:33,285 : INFO : test_e2e : getting all the phone details 
 2024-08-17 20:26:33,374 : INFO : test_e2e : iphone X 
 2024-08-17 20:26:33,385 : INFO : test_e2e : Samsung Note 8 
 2024-08-17 20:26:33,398 : INFO : test_e2e : Nokia Edge 
 2024-08-17 20:26:33,507 : INFO : test_e2e : Blackberry 
 2024-08-17 20:26:44,428 : INFO : test_e2e : Text received after purchase×
Success! Thank you! Your order will be delivered in next few weeks :-). 
 2024-08-17 20:26:47,729 : INFO : test_homePage : First Name is Rahul 
 2024-08-17 20:26:48,645 : INFO : test_homePage : ×
Success! The Form has been submitted successfully!. 
 2024-08-17 20:26:53,826 : INFO : test_homePage : First Name is Lak 
 2024-08-17 20:26:53,826 : INFO : test_homePage : First Name is Lak 
 2024-08-17 20:26:54,310 : INFO : test_homePage : ×
Success! The Form has been submitted successfully!. 
 2024-08-17 20:26:54,310 : INFO : test_homePage : ×
Success! The Form has been submitted successfully!. 
 2024-08-17 20:28:35,953 : INFO : test_e2e : getting all the phone details 
 2024-08-17 20:28:36,022 : INFO : test_e2e : iphone X 
 2024-08-17 20:28:36,043 : INFO : test_e2e : Samsung Note 8 
 2024-08-17 20:28:36,060 : INFO : test_e2e : Nokia Edge 
 2024-08-17 20:28:36,161 : INFO : test_e2e : Blackberry 
 2024-08-17 20:28:47,664 : INFO : test_e2e : Text received after purchase×
Success! Thank you! Your order will be delivered in next few weeks :-). 
 2024-08-17 20:28:50,582 : INFO : test_homePage : First Name is Rahul 
 2024-08-17 20:28:51,290 : INFO : test_homePage : ×
Success! The Form has been submitted successfully!. 
 2024-08-17 20:28:56,512 : INFO : test_homePage : First Name is Lak 
 2024-08-17 20:28:56,512 : INFO : test_homePage : First Name is Lak 
 2024-08-17 20:28:56,956 : INFO : test_homePage : ×
Success! The Form has been submitted successfully!. 
 2024-08-17 20:28:56,956 : INFO : test_homePage : ×
Success! The Form has been submitted successfully!. 
